[2021-02-17 11:51:33 INFO]: install::setup-logging ended
================
[2021-02-17 11:51:33 INFO]: install::start-up started
[2021-02-17 11:51:33 INFO]: install::start-up starting services
[2021-02-17 11:51:33 INFO]: install::start-up ended
================
[2021-02-17 12:27:24 INFO]: install::root-check started
[2021-02-17 12:27:24 INFO]: install::root-check ended
================
[2021-02-17 12:27:24 INFO]: install::docker-check started
[2021-02-17 12:27:24 INFO]: install::docker-check ended
================
[2021-02-17 12:27:24 INFO]: install::docker-compose-check started
[2021-02-17 12:27:24 INFO]: install::docker-compose-check ended
================
[2021-02-17 12:27:24 INFO]: install::tear-down started
[2021-02-17 12:27:24 INFO]: install::tear-down starting services
[2021-02-17 12:27:24 INFO]: install::tear-down ended
================
[2021-02-17 12:35:04 INFO]: install::root-check started
[2021-02-17 12:35:04 INFO]: install::root-check ended
================
[2021-02-17 12:35:04 INFO]: install::docker-check started
[2021-02-17 12:35:04 INFO]: install::docker-check ended
================
[2021-02-17 12:35:04 INFO]: install::docker-compose-check started
[2021-02-17 12:35:04 INFO]: install::docker-compose-check ended
================
[2021-02-17 12:35:04 INFO]: install::tear-down started
[2021-02-17 12:35:04 INFO]: install::compress started
[2021-02-17 12:35:04 INFO]: install::compress changing directory to db
[2021-02-17 12:35:04 INFO]: install::compress compressing db/data_dump 
[2021-02-17 12:35:04 INFO]: install::compress removing data_dump 
[2021-02-17 12:35:04 INFO]: install::compress changing directory back
[2021-02-17 12:35:04 INFO]: install::compress ended
================
[2021-02-17 12:35:04 INFO]: install::compress starting services
[2021-02-17 12:35:04 INFO]: install::compress ended
================
